[2026-07-11 00:12:55.682 INF] === SelfishNet V4 started ===
[2026-07-11 00:12:59.841 INF] Discovery: scanning 254 addresses in subnet
[2026-07-11 00:12:59.845 DBG] Discovery: range 192.168.1.1 — 192.168.1.254
[2026-07-11 00:12:59.846 DBG] Discovery: sweep 1/3
[2026-07-11 00:13:02.515 WRN] EMERGENCY STOP activated
[2026-07-11 00:13:04.130 INF] Starting ARP spoofing and packet redirection
[2026-07-11 00:13:04.133 INF] Redirector started — router MAC: 9C-69-D1-D8-B2-D7
[2026-07-11 00:13:05.740 DBG] Discovery: sweep 2/3
[2026-07-11 00:13:11.647 DBG] Discovery: sweep 3/3
[2026-07-11 00:13:15.561 INF] Discovery: completed all sweeps
[2026-07-11 00:13:52.810 INF] Discovery: scanning 254 addresses in subnet
[2026-07-11 00:13:52.810 DBG] Discovery: range 192.168.1.1 — 192.168.1.254
[2026-07-11 00:13:52.811 DBG] Discovery: sweep 1/3
[2026-07-11 00:13:58.730 DBG] Discovery: sweep 2/3
[2026-07-11 00:14:04.640 ERR] Redirector error
System.ArgumentOutOfRangeException: Specified argument was out of the range of valid values.
   at SharpPcap.LibPcap.PcapDevice.GetNextPacket(PacketCapture& e)
   at SelfishNetv3.ArpSpoofService.RedirectorLoop(CancellationToken token) in C:\Users\mohamed\Downloads\SelfishNet-master\SelfishNetV3\ArpSpoofService.cs:line 414
[2026-07-11 00:14:04.751 DBG] Discovery: sweep 3/3
[2026-07-11 00:14:08.679 INF] Discovery: completed all sweeps
[2026-07-11 00:14:34.929 INF] Discovery: scanning 254 addresses in subnet
[2026-07-11 00:14:34.929 DBG] Discovery: range 192.168.1.1 — 192.168.1.254
[2026-07-11 00:14:34.929 DBG] Discovery: sweep 1/3
[2026-07-11 00:14:38.128 INF] Redirector stopped
[2026-07-11 00:14:38.132 WRN] SendPacket error
SharpPcap.PcapException: Can't send packet: send error: PacketSendPacket failed: A device attached to the system is not functioning.  (31)
   at SharpPcap.LibPcap.LibPcapLiveDevice.SendPacket(ReadOnlySpan`1 p, ICaptureHeader header)
   at SelfishNetv3.ArpSpoofService.SendPacketSafe(Byte[] packet) in C:\Users\mohamed\Downloads\SelfishNet-master\SelfishNetV3\ArpSpoofService.cs:line 718
[2026-07-11 00:14:38.133 WRN] SendPacket error
SharpPcap.PcapException: Can't send packet: send error: PacketSendPacket failed: A device attached to the system is not functioning.  (31)
   at SharpPcap.LibPcap.LibPcapLiveDevice.SendPacket(ReadOnlySpan`1 p, ICaptureHeader header)
   at SelfishNetv3.ArpSpoofService.SendPacketSafe(Byte[] packet) in C:\Users\mohamed\Downloads\SelfishNet-master\SelfishNetV3\ArpSpoofService.cs:line 718
[2026-07-11 00:14:38.143 INF] Discovery: completed all sweeps
[2026-07-11 00:14:39.144 WRN] SendPacket error
SharpPcap.PcapException: Can't send packet: send error: PacketSendPacket failed: A device attached to the system is not functioning.  (31)
   at SharpPcap.LibPcap.LibPcapLiveDevice.SendPacket(ReadOnlySpan`1 p, ICaptureHeader header)
   at SelfishNetv3.ArpSpoofService.SendPacketSafe(Byte[] packet) in C:\Users\mohamed\Downloads\SelfishNet-master\SelfishNetV3\ArpSpoofService.cs:line 718
[2026-07-11 00:14:39.145 WRN] SendPacket error
SharpPcap.PcapException: Can't send packet: send error: PacketSendPacket failed: A device attached to the system is not functioning.  (31)
   at SharpPcap.LibPcap.LibPcapLiveDevice.SendPacket(ReadOnlySpan`1 p, ICaptureHeader header)
   at SelfishNetv3.ArpSpoofService.SendPacketSafe(Byte[] packet) in C:\Users\mohamed\Downloads\SelfishNet-master\SelfishNetV3\ArpSpoofService.cs:line 718
[2026-07-11 00:16:51.617 INF] === SelfishNet V4 started ===
[2026-07-11 00:16:55.799 INF] Discovery: scanning 254 addresses in subnet
[2026-07-11 00:16:55.803 DBG] Discovery: range 192.168.1.1 — 192.168.1.254
[2026-07-11 00:16:55.804 DBG] Discovery: sweep 1/3
[2026-07-11 00:16:56.472 INF] Starting ARP spoofing and packet redirection
[2026-07-11 00:16:56.474 INF] Redirector started — router MAC: 9C-69-D1-D8-B2-D7
[2026-07-11 00:17:01.704 DBG] Discovery: sweep 2/3
[2026-07-11 00:17:07.613 DBG] Discovery: sweep 3/3
[2026-07-11 00:17:11.646 INF] Discovery: completed all sweeps
